<?xml version="1.0" encoding="UTF-8"?>
<!-- Generated by org.testng.reporters.JUnitXMLReporter -->
<testsuite ignored="0" hostname="DESKTOP-IQ050NA" failures="0" tests="2" name="Test" time="20.993" errors="0" timestamp="2024-10-13T21:00:51 IST">
  <testcase classname="coverfoxTest.TC0002_CoverFox_ValidateErrorMessage" name="validateMobileNumberErrorMessage" time="0.524"/>
  <testcase classname="coverfoxTest.TC0002_CoverFox_ValidateErrorMessage" name="validatePincodeErrorMessage" time="0.386"/>
</testsuite> <!-- Test -->
